1855.91666667
[[ 3369.08333333  2983.33333333  2617.5         2617.5         2236.
   1855.91666667  2236.          1855.91666667  1487.          1123.83333333
   1855.91666667]
 [  367.24279523   373.95671575   382.82262706   368.93955239
    388.10971155   374.55964827   363.41100884   367.90457043
    373.31732562   374.22762555   388.16087577]
 [    0.             0.             0.             0.             0.             0.
      0.             0.             0.             0.             0.        ]
 [    0.             0.             0.             0.             0.             0.
      0.             0.             0.             0.             0.        ]
 [    0.             0.             0.             0.             0.             0.
      0.             0.             0.             0.             0.        ]
 [    0.             0.             0.             0.             0.             0.
      0.             0.             0.             0.             0.        ]
 [    0.             0.             0.             0.             0.             0.
      0.             0.             0.             0.             0.        ]
 [    0.             0.             0.             0.             0.             0.
      0.             0.             0.             0.             0.        ]
 [    0.             0.             0.             0.             0.             0.
      0.             0.             0.             0.             0.        ]
 [    0.             0.             0.             0.             0.             0.
      0.             0.             0.             0.             0.        ]
 [    0.             0.             0.             0.             0.             0.
      0.             0.             0.             0.             0.        ]
 [    0.             0.             0.             0.             0.             0.
      0.             0.             0.             0.             0.        ]
 [    0.             0.             0.             0.             0.             0.
      0.             0.             0.             0.             0.        ]
 [    0.             0.             0.             0.             0.             0.
      0.             0.             0.             0.             0.        ]
 [    0.             0.             0.             0.             0.             0.
      0.             0.             0.             0.             0.        ]
 [    0.             0.             0.             0.             0.             0.
      0.             0.             0.             0.             0.        ]
 [    0.             0.             0.             0.             0.             0.
      0.             0.             0.             0.             0.        ]
 [    0.             0.             0.             0.             0.             0.
      0.             0.             0.             0.             0.        ]
 [    0.             0.             0.             0.             0.             0.
      0.             0.             0.             0.             0.        ]
 [    0.             0.             0.             0.             0.             0.
      0.             0.             0.             0.             0.        ]
 [    0.             0.             0.             0.             0.             0.
      0.             0.             0.             0.             0.        ]
 [    0.             0.             0.             0.             0.             0.
      0.             0.             0.             0.             0.        ]]
