accx = -766
accy = 500
accz = 2284
temp = 37.221
gyrox = 16911
gyroy = 1538
gyroz = 2048
accx = 765
accy = -3071
accz = -5112
temp = 26.718
gyrox = 3906
gyroy = 518
gyroz = 8
accx = -766
accy = 500
accz = 2284
temp = 37.221
gyrox = 16911
gyroy = 1538
gyroz = 2048
accx = 765
accy = -3071
accz = -5112
temp = 26.718
gyrox = 3906
gyroy = 518
gyroz = 8
accx = -766
accy = 500
accz = 2284
temp = 37.221
gyrox = 16911
gyroy = 1538
gyroz = 2048
accx = 765
accy = -3071
accz = -5112
temp = 26.718
gyrox = 3906
gyroy = 518
gyroz = 8
accx = -766
accy = 500
accz = 2284
temp = 37.221
gyrox = 16911
gyroy = 1538
gyroz = 2048
accx = 765
accy = -3071
accz = -5112
temp = 26.718
gyrox = 3906
gyroy = 518
gyroz = 8
accx = -766
accy = 500
accz = 2284
temp = 37.221
gyrox = 16911
gyroy = 1538
gyroz = 2048
accx = 765
accy = -3071
accz = -5112
temp = 26.718
gyrox = 3906
gyroy = 518
gyroz = 8
accx = -766
accy = 500
accz = 2284
temp = 37.221
gyrox = 16911
gyroy = 1538
gyroz = 2048
accx = 765
accy = -3071
accz = -5112
temp = 26.718
gyrox = 3906
gyroy = 518
gyroz = 8
accx = -766
accy = 500
accz = 2284
temp = 37.221
gyrox = 16911
gyroy = 1538
gyroz = 2048
accx = 765
accy = -3071
accz = -5112
temp = 26.718
gyrox = 3906
gyroy = 518
gyroz = 8
accx = -766
accy = 500
accz = 2284
temp = 37.221
gyrox = 16911
gyroy = 1538
gyroz = 2048
accx = 765
accy = -3071
accz = -5112
temp = 26.718
gyrox = 3906
gyroy = 518
gyroz = 8
accx = -766
accy = 500
accz = 2284
temp = 37.221
gyrox = 16911
gyroy = 1538
gyroz = 2048

